matplotlib - [DEBUG]{MainThread} - wrapper() - matplotlib data path: C:\Users\PC\AppData\Local\Programs\Python\Python310\lib\site-packages\matplotlib\mpl-data
matplotlib - [DEBUG]{MainThread} - wrapper() - CONFIGDIR=C:\Users\PC\.matplotlib
matplotlib - [DEBUG]{MainThread} - <module>() - interactive is False
matplotlib - [DEBUG]{MainThread} - <module>() - platform is win32
matplotlib - [DEBUG]{MainThread} - wrapper() - CACHEDIR=C:\Users\PC\.matplotlib
matplotlib.font_manager - [DEBUG]{MainThread} - _load_fontmanager() - Using fontManager instance from C:\Users\PC\.matplotlib\fontlist-v330.json
root - [INFO]{MainThread} - load_and_clean_DF_Train_from_csv() - df loaded from .csv Shape: (1582, 1075) Path: d_price/UBER_PLAIN_stock_history_MONTH_3_AD.csv
root - [DEBUG]{MainThread} - load_and_clean__buy_sell_atack() - columns_selection List HAS vulues, works trains with: Date, buy_sell_point, sti_KURT_30, has_preMarket, NQ_per_Volume, mtum_DMN_14, mcrh_EMA_10_TEMA_50, mtum_MINUS_DM, vola_TRANGE, tend_renko_TR, NQ_SMA_100, mcrh_TRIMA_50_SMA_100, vola_TRUERANGE_1, NQ_Volume
root - [DEBUG]{MainThread} - cast_Y_label_binary() - Label classes: [0, 100]
root - [DEBUG]{MainThread} - scaler_min_max_array() - Scaler will be Saved Path: Models/TF_multi/Scalers/UBER_neg_vgood16_.scal
root - [INFO]{MainThread} - log_shapes_trains_val_data() - Training features shape SMOTE:(1556, 10, 13)	 Labels shape:(1556, 1)
root - [DEBUG]{MainThread} - log_shapes_trains_val_data() - Validation features shape:(444, 10, 13)	 Labels shape:(444, 1)
root - [DEBUG]{MainThread} - log_shapes_trains_val_data() - Test features shape:(278, 10, 13)		 Labels shape:(278, 1)
root - [DEBUG]{MainThread} - __init__() - [95mCreated object TF_multidimension Path from: d_price/UBER_PLAIN_stock_history_MONTH_3_AD.csv[0m
matplotlib - [DEBUG]{MainThread} - wrapper() - matplotlib data path: C:\Users\PC\AppData\Local\Programs\Python\Python310\lib\site-packages\matplotlib\mpl-data
matplotlib - [DEBUG]{MainThread} - wrapper() - CONFIGDIR=C:\Users\PC\.matplotlib
matplotlib - [DEBUG]{MainThread} - <module>() - interactive is False
matplotlib - [DEBUG]{MainThread} - <module>() - platform is win32
matplotlib - [DEBUG]{MainThread} - wrapper() - CACHEDIR=C:\Users\PC\.matplotlib
matplotlib.font_manager - [DEBUG]{MainThread} - _load_fontmanager() - Using fontManager instance from C:\Users\PC\.matplotlib\fontlist-v330.json
root - [INFO]{MainThread} - load_and_clean_DF_Train_from_csv() - df loaded from .csv Shape: (1582, 1075) Path: d_price/UBER_PLAIN_stock_history_MONTH_3_AD.csv
root - [DEBUG]{MainThread} - load_and_clean__buy_sell_atack() - columns_selection List HAS vulues, works trains with: Date, buy_sell_point, sti_KURT_30, has_preMarket, NQ_per_Volume, mtum_DMN_14, mcrh_EMA_10_TEMA_50, mtum_MINUS_DM, vola_TRANGE, tend_renko_TR, NQ_SMA_100, mcrh_TRIMA_50_SMA_100, vola_TRUERANGE_1, NQ_Volume
root - [DEBUG]{MainThread} - cast_Y_label_binary() - Label classes: [0, 100]
root - [DEBUG]{MainThread} - scaler_min_max_array() - Scaler will be Saved Path: Models/TF_multi/Scalers/UBER_neg_vgood16_.scal
root - [INFO]{MainThread} - log_shapes_trains_val_data() - Training features shape SMOTE:(1530, 10, 13)	 Labels shape:(1530, 1)
root - [DEBUG]{MainThread} - log_shapes_trains_val_data() - Validation features shape:(444, 10, 13)	 Labels shape:(444, 1)
root - [DEBUG]{MainThread} - log_shapes_trains_val_data() - Test features shape:(278, 10, 13)		 Labels shape:(278, 1)
root - [DEBUG]{MainThread} - __init__() - [95mCreated object TF_multidimension Path from: d_price/UBER_PLAIN_stock_history_MONTH_3_AD.csv[0m
matplotlib - [DEBUG]{MainThread} - wrapper() - matplotlib data path: C:\Users\PC\AppData\Local\Programs\Python\Python310\lib\site-packages\matplotlib\mpl-data
matplotlib - [DEBUG]{MainThread} - wrapper() - CONFIGDIR=C:\Users\PC\.matplotlib
matplotlib - [DEBUG]{MainThread} - <module>() - interactive is False
matplotlib - [DEBUG]{MainThread} - <module>() - platform is win32
matplotlib - [DEBUG]{MainThread} - wrapper() - CACHEDIR=C:\Users\PC\.matplotlib
matplotlib.font_manager - [DEBUG]{MainThread} - _load_fontmanager() - Using fontManager instance from C:\Users\PC\.matplotlib\fontlist-v330.json
root - [INFO]{MainThread} - load_and_clean_DF_Train_from_csv() - df loaded from .csv Shape: (1582, 1075) Path: d_price/UBER_PLAIN_stock_history_MONTH_3_AD.csv
root - [DEBUG]{MainThread} - load_and_clean__buy_sell_atack() - columns_selection List HAS vulues, works trains with: Date, buy_sell_point, sti_KURT_30, has_preMarket, NQ_per_Volume, mtum_DMN_14, mcrh_EMA_10_TEMA_50, mtum_MINUS_DM, vola_TRANGE, tend_renko_TR, NQ_SMA_100, mcrh_TRIMA_50_SMA_100, vola_TRUERANGE_1, NQ_Volume
root - [DEBUG]{MainThread} - cast_Y_label_binary() - Label classes: [0, 100]
root - [DEBUG]{MainThread} - scaler_min_max_array() - Scaler will be Saved Path: Models/TF_multi/Scalers/UBER_neg_vgood16_.scal
root - [INFO]{MainThread} - log_shapes_trains_val_data() - Training features shape SMOTE:(1548, 10, 13)	 Labels shape:(1548, 1)
root - [DEBUG]{MainThread} - log_shapes_trains_val_data() - Validation features shape:(444, 10, 13)	 Labels shape:(444, 1)
root - [DEBUG]{MainThread} - log_shapes_trains_val_data() - Test features shape:(278, 10, 13)		 Labels shape:(278, 1)
root - [DEBUG]{MainThread} - __init__() - [95mCreated object TF_multidimension Path from: d_price/UBER_PLAIN_stock_history_MONTH_3_AD.csv[0m
root - [INFO]{MainThread} - load_and_clean_DF_Train_from_csv() - df loaded from .csv Shape: (1582, 1075) Path: d_price/UBER_PLAIN_stock_history_MONTH_3_AD.csv
root - [DEBUG]{MainThread} - load_and_clean__buy_sell_atack() - columns_selection List HAS vulues, works trains with: Date, buy_sell_point, sti_KURT_30, has_preMarket, NQ_per_Volume, mtum_DMN_14, mcrh_EMA_10_TEMA_50, mtum_MINUS_DM, vola_TRANGE, tend_renko_TR, NQ_SMA_100, mcrh_TRIMA_50_SMA_100, vola_TRUERANGE_1, NQ_Volume, mtum_PVO_12_26_9, cdl_IDENTICAL3CROWS, mtum_QQEs_14_5_4236, vola_THERMO_20_2_05, mtum_MACD_ext_signal, volu_EFI_13, vola_THERMOs_20_2_05, cdl_MATCHINGLOW, mtum_QQEl_14_5_4236, tend_hl, mcrh_DEMA_10_EMA_50, ti_force_index_13, mcrh_TEMA_20_EMA_50, ti_coppock_14_11_10, mtum_ER_10, mcrh_WMA_5_DEMA_10, vola_UI_14, mtum_STCmacd_10_12_26_05, sti_ENTP_10, mtum_APO, mtum_MACD_fix_signal, mcrh_T3_20_TEMA_100, mcrh_TEMA_10_EMA_50, mcrh_TEMA_10_WMA_100, sti_LINEARREG_SLOPE, sti_TOS_STDEVALL_L_1, sti_TOS_STDEVALL_U_1, sti_TOS_STDEVALL_U_2, mtum_J_9_3, ichi_senkou_a, vola_THERMOl_20_2_05, cycl_EBSW_40_10, NQ_SMA_20, mtum_PPO
root - [DEBUG]{MainThread} - cast_Y_label_binary() - Label classes: [0, 100]
root - [DEBUG]{MainThread} - scaler_min_max_array() - Scaler will be Saved Path: Models/TF_multi/Scalers/UBER_neg_good9_.scal
root - [INFO]{MainThread} - log_shapes_trains_val_data() - Training features shape SMOTE:(1514, 10, 47)	 Labels shape:(1514, 1)
root - [DEBUG]{MainThread} - log_shapes_trains_val_data() - Validation features shape:(431, 10, 47)	 Labels shape:(431, 1)
root - [DEBUG]{MainThread} - log_shapes_trains_val_data() - Test features shape:(270, 10, 47)		 Labels shape:(270, 1)
root - [DEBUG]{MainThread} - __init__() - [95mCreated object TF_multidimension Path from: d_price/UBER_PLAIN_stock_history_MONTH_3_AD.csv[0m
root - [INFO]{MainThread} - load_and_clean_DF_Train_from_csv() - df loaded from .csv Shape: (1582, 1075) Path: d_price/UBER_PLAIN_stock_history_MONTH_3_AD.csv
root - [DEBUG]{MainThread} - load_and_clean__buy_sell_atack() - columns_selection List HAS vulues, works trains with: Date, buy_sell_point, sti_KURT_30, has_preMarket, NQ_per_Volume, mtum_DMN_14, mcrh_EMA_10_TEMA_50, mtum_MINUS_DM, vola_TRANGE, tend_renko_TR, NQ_SMA_100, mcrh_TRIMA_50_SMA_100, vola_TRUERANGE_1, NQ_Volume, mtum_PVO_12_26_9, cdl_IDENTICAL3CROWS, mtum_QQEs_14_5_4236, vola_THERMO_20_2_05, mtum_MACD_ext_signal, volu_EFI_13, vola_THERMOs_20_2_05, cdl_MATCHINGLOW, mtum_QQEl_14_5_4236, tend_hl, mcrh_DEMA_10_EMA_50, ti_force_index_13, mcrh_TEMA_20_EMA_50, ti_coppock_14_11_10, mtum_ER_10, mcrh_WMA_5_DEMA_10, vola_UI_14, mtum_STCmacd_10_12_26_05, sti_ENTP_10, mtum_APO, mtum_MACD_fix_signal, mcrh_T3_20_TEMA_100, mcrh_TEMA_10_EMA_50, mcrh_TEMA_10_WMA_100, sti_LINEARREG_SLOPE, sti_TOS_STDEVALL_L_1, sti_TOS_STDEVALL_U_1, sti_TOS_STDEVALL_U_2, mtum_J_9_3, ichi_senkou_a, vola_THERMOl_20_2_05, cycl_EBSW_40_10, NQ_SMA_20, mtum_PPO, mtum_MACD_signal, mtum_BIAS_SMA_26, NQ_Close, mtum_PVOh_12_26_9, tend_PSARaf_002_02, vola_NATR, ti_konk_bl, ti_konk_avg, ti_ease_of_movement_14, ti_chaikin_10_3, tend_renko_brick, sti_TOS_STDEVALL_L_3, mtum_PVOs_12_26_9, sti_LINEARREG_ANGLE, olap_VMAP, mtum_murrey_math, mtum_WILLIAMS_R, mtum_STCstoch_10_12_26_05, mtum_STC_10_12_26_05, sti_TOS_STDEVALL_LR, volu_PVT, ichi_senkou_b, mcrh_KAMA_20_DEMA_100, mcrh_TEMA_10_TEMA_50, mtum_MACD, olap_BBAND_dif, mtum_MACD_fix, vola_ATR, mtum_MINUS_DI, tend_PSARs_002_02, mtum_MOM, mcrh_EMA_10_KAMA_50, mcrh_TRIMA_5_KAMA_50, tend_lh, mcrh_KAMA_10_SMA_20, mtum_ROC, mtum_ROCP, mtum_ROCR, mtum_ROCR100, mtum_SMI_5_20_5, ma_SMA_50, ma_T3_10, sti_TOS_STDEVALL_U_3, mtum_MACD_ext, mcrh_TEMA_20_KAMA_50, mtum_BEARP_13, volu_PVR, mcrh_WMA_10_KAMA_50, volu_PVOL, sti_TOS_STDEVALL_L_2, sti_CORREL, volu_Chaikin_ADOSC, mtum_AO_5_34, sti_BETA, mtum_AROON_down, mcrh_DEMA_10_TEMA_50, mcrh_KAMA_50_KAMA_100, mcrh_TRIMA_50_EMA_100, mtum_BR_26, mtum_BULLP_13, per_Volume, mtum_CG_10, mtum_CMO
root - [DEBUG]{MainThread} - cast_Y_label_binary() - Label classes: [0, 100]
root - [DEBUG]{MainThread} - scaler_min_max_array() - Scaler will be Saved Path: Models/TF_multi/Scalers/UBER_neg_reg4_.scal
root - [INFO]{MainThread} - log_shapes_trains_val_data() - Training features shape SMOTE:(1476, 10, 110)	 Labels shape:(1476, 1)
root - [DEBUG]{MainThread} - log_shapes_trains_val_data() - Validation features shape:(422, 10, 110)	 Labels shape:(422, 1)
root - [DEBUG]{MainThread} - log_shapes_trains_val_data() - Test features shape:(265, 10, 110)		 Labels shape:(265, 1)
root - [DEBUG]{MainThread} - __init__() - [95mCreated object TF_multidimension Path from: d_price/UBER_PLAIN_stock_history_MONTH_3_AD.csv[0m
root - [INFO]{MainThread} - load_and_clean_DF_Train_from_csv() - df loaded from .csv Shape: (1582, 1075) Path: d_price/UBER_PLAIN_stock_history_MONTH_3_AD.csv
root - [DEBUG]{MainThread} - load_and_clean__buy_sell_atack() - columns_selection List HAS vulues, works trains with: Date, buy_sell_point, sti_KURT_30, has_preMarket, NQ_per_Volume, mtum_DMN_14, mcrh_EMA_10_TEMA_50, mtum_MINUS_DM, vola_TRANGE, tend_renko_TR, NQ_SMA_100, mcrh_TRIMA_50_SMA_100, vola_TRUERANGE_1, NQ_Volume, mtum_PVO_12_26_9, cdl_IDENTICAL3CROWS, mtum_QQEs_14_5_4236, vola_THERMO_20_2_05, mtum_MACD_ext_signal, volu_EFI_13, vola_THERMOs_20_2_05, cdl_MATCHINGLOW, mtum_QQEl_14_5_4236, tend_hl, mcrh_DEMA_10_EMA_50, ti_force_index_13, mcrh_TEMA_20_EMA_50, ti_coppock_14_11_10, mtum_ER_10, mcrh_WMA_5_DEMA_10, vola_UI_14, mtum_STCmacd_10_12_26_05, sti_ENTP_10, mtum_APO, mtum_MACD_fix_signal, mcrh_T3_20_TEMA_100, mcrh_TEMA_10_EMA_50, mcrh_TEMA_10_WMA_100, sti_LINEARREG_SLOPE, sti_TOS_STDEVALL_L_1, sti_TOS_STDEVALL_U_1, sti_TOS_STDEVALL_U_2, mtum_J_9_3, ichi_senkou_a, vola_THERMOl_20_2_05, cycl_EBSW_40_10, NQ_SMA_20, mtum_PPO, mtum_MACD_signal, mtum_BIAS_SMA_26, NQ_Close, mtum_PVOh_12_26_9, tend_PSARaf_002_02, vola_NATR, ti_konk_bl, ti_konk_avg, ti_ease_of_movement_14, ti_chaikin_10_3, tend_renko_brick, sti_TOS_STDEVALL_L_3, mtum_PVOs_12_26_9, sti_LINEARREG_ANGLE, olap_VMAP, mtum_murrey_math, mtum_WILLIAMS_R, mtum_STCstoch_10_12_26_05, mtum_STC_10_12_26_05, sti_TOS_STDEVALL_LR, volu_PVT, ichi_senkou_b, mcrh_KAMA_20_DEMA_100, mcrh_TEMA_10_TEMA_50, mtum_MACD, olap_BBAND_dif, mtum_MACD_fix, vola_ATR, mtum_MINUS_DI, tend_PSARs_002_02, mtum_MOM, mcrh_EMA_10_KAMA_50, mcrh_TRIMA_5_KAMA_50, tend_lh, mcrh_KAMA_10_SMA_20, mtum_ROC, mtum_ROCP, mtum_ROCR, mtum_ROCR100, mtum_SMI_5_20_5, ma_SMA_50, ma_T3_10, sti_TOS_STDEVALL_U_3, mtum_MACD_ext, mcrh_TEMA_20_KAMA_50, mtum_BEARP_13, volu_PVR, mcrh_WMA_10_KAMA_50, volu_PVOL, sti_TOS_STDEVALL_L_2, sti_CORREL, volu_Chaikin_ADOSC, mtum_AO_5_34, sti_BETA, mtum_AROON_down, mcrh_DEMA_10_TEMA_50, mcrh_KAMA_50_KAMA_100, mcrh_TRIMA_50_EMA_100, mtum_BR_26, mtum_BULLP_13, per_Volume, mtum_CG_10, mtum_CMO, tend_VHF_28, mcrh_DEMA_10_KAMA_50, tend_PSARl_002_02, tend_renko_ATR, mcrh_DEMA_10_SMA_20, mcrh_DEMA_5_EMA_50, ma_TRIMA_5, tend_LDECAY_5, mcrh_DEMA_10_WMA_100, mcrh_DEMA_20_TEMA_50, fibo_pp, ti_choppiness_14, vola_THERMOma_20_2_05, volu_PVI_1, volu_OBV, Volume, volu_Chaikin_AD, cama_s1, cdl_HAMMER, cdl_INVERTEDHAMMER, cdl_MORNINGSTAR, cycl_PHASOR_inph, ma_KAMA_50, cycl_SINE_lead, demark_r1, trad_s3, trad_r3, ti_mass_index_9_25, ti_kelt_20_lower, ma_DEMA_5, ma_EMA_5, mcrh_DEMA_5_WMA_50, olap_BBAND_LOWER, sti_LINEARREG_INTERCEPT, mtum_DX, mcrh_SMA_5_KAMA_50, mcrh_SMA_5_TEMA_50, mcrh_T3_20_DEMA_100, mtum_MFI, mcrh_T3_20_EMA_100, mcrh_T3_5_EMA_50, mcrh_T3_5_KAMA_50, mcrh_TEMA_10_TEMA_100, mtum_K_9_3, mcrh_TEMA_5_DEMA_100, mcrh_EMA_50_ti_h20, mtum_CFO_9, mtum_AROON_up, mcrh_TRIMA_50_T3_100, mtum_ADXR, mcrh_WMA_5_KAMA_50, mcrh_WMA_5_EMA_50, mcrh_TRIMA_50_TRIMA_100, mcrh_WMA_10_TEMA_50, mcrh_WMA_10_EMA_50, mcrh_SMA_20_DEMA_100, mcrh_SMA_10_EMA_20, mtum_QQE_14_5_4236_RSIMA, mcrh_KAMA_5_TEMA_50, mcrh_EMA_5_EMA_50, mcrh_EMA_5_KAMA_50, per_preMarket, mcrh_EMA_5_TEMA_50, olap_SSF_10_2, olap_JMA_7_0, olap_HWMA_02_01_01, olap_BBAND_UPPER_crash, mcrh_TRIMA_5_TEMA_20, olap_ALMA_10_60_085, mtum_td_seq_sig, mtum_td_seq, mcrh_EMA_5_ti_h20, mtum_STOCH_RSI_crash, mcrh_KAMA_10_TEMA_50, mtum_SMIs_5_20_5, mtum_SMIo_5_20_5, mtum_RSI, mcrh_KAMA_50_ti_h20, mtum_MACD_ext_list
root - [DEBUG]{MainThread} - cast_Y_label_binary() - Label classes: [0, 100]
root - [DEBUG]{MainThread} - scaler_min_max_array() - Scaler will be Saved Path: Models/TF_multi/Scalers/UBER_neg_low1_.scal
root - [INFO]{MainThread} - log_shapes_trains_val_data() - Training features shape SMOTE:(1488, 10, 189)	 Labels shape:(1488, 1)
root - [DEBUG]{MainThread} - log_shapes_trains_val_data() - Validation features shape:(422, 10, 189)	 Labels shape:(422, 1)
root - [DEBUG]{MainThread} - log_shapes_trains_val_data() - Test features shape:(265, 10, 189)		 Labels shape:(265, 1)
root - [DEBUG]{MainThread} - __init__() - [95mCreated object TF_multidimension Path from: d_price/UBER_PLAIN_stock_history_MONTH_3_AD.csv[0m
root - [INFO]{MainThread} - load_and_clean_DF_Train_from_csv() - df loaded from .csv Shape: (1582, 1075) Path: d_price/UBER_PLAIN_stock_history_MONTH_3_AD.csv
root - [DEBUG]{MainThread} - load_and_clean__buy_sell_atack() - columns_selection List HAS vulues, works trains with: Date, buy_sell_point, vola_NATR, ti_force_index_13, sti_VAR, volu_EFI_13, vola_ATR, sti_STDDEV, mtum_PLUS_DM, Volume, vola_THERMOma_20_2_05, volu_PVOL, mtum_DMP_14, mtum_STCmacd_10_12_26_05, vola_TRUERANGE_1, ti_coppock_14_11_10, sti_LINEARREG_SLOPE, mtum_ROCP, mtum_DX, olap_BBAND_dif
root - [DEBUG]{MainThread} - cast_Y_label_binary() - Label classes: [0, 100]
root - [DEBUG]{MainThread} - scaler_min_max_array() - Scaler will be Saved Path: Models/TF_multi/Scalers/UBER_pos_vgood16_.scal
root - [INFO]{MainThread} - log_shapes_trains_val_data() - Training features shape SMOTE:(1552, 10, 19)	 Labels shape:(1552, 1)
root - [DEBUG]{MainThread} - log_shapes_trains_val_data() - Validation features shape:(445, 10, 19)	 Labels shape:(445, 1)
root - [DEBUG]{MainThread} - log_shapes_trains_val_data() - Test features shape:(279, 10, 19)		 Labels shape:(279, 1)
root - [DEBUG]{MainThread} - __init__() - [95mCreated object TF_multidimension Path from: d_price/UBER_PLAIN_stock_history_MONTH_3_AD.csv[0m
root - [INFO]{MainThread} - load_and_clean_DF_Train_from_csv() - df loaded from .csv Shape: (1582, 1075) Path: d_price/UBER_PLAIN_stock_history_MONTH_3_AD.csv
root - [DEBUG]{MainThread} - load_and_clean__buy_sell_atack() - columns_selection List HAS vulues, works trains with: Date, buy_sell_point, vola_NATR, ti_force_index_13, sti_VAR, volu_EFI_13, vola_ATR, sti_STDDEV, mtum_PLUS_DM, Volume, vola_THERMOma_20_2_05, volu_PVOL, mtum_DMP_14, mtum_STCmacd_10_12_26_05, vola_TRUERANGE_1, ti_coppock_14_11_10, sti_LINEARREG_SLOPE, mtum_ROCP, mtum_DX, olap_BBAND_dif, ti_chaikin_10_3, tend_renko_TR, mtum_BULLP_13, mtum_ROCR100, sti_LINEARREG_ANGLE, sti_ENTP_10, vola_TRANGE, mtum_ROCR, volu_Chaikin_ADOSC, mtum_MACD_fix_signal, mtum_ROC, mtum_STC_10_12_26_05, mtum_PVO_12_26_9, mtum_BIAS_SMA_26, mtum_MACD_signal, mtum_MINUS_DM, mtum_STCstoch_10_12_26_05, has_preMarket, mtum_DMN_14, mtum_MOM, mtum_CG_10, mtum_PVOs_12_26_9, mtum_AO_5_34, mtum_ADXR, tend_renko_ATR, mtum_MACD_fix, mtum_PPO, vola_THERMO_20_2_05, mtum_MACD, mtum_APO, mtum_BEARP_13, ti_konk_avg, mtum_ADX, NQ_Volume, vola_UI_14
root - [DEBUG]{MainThread} - cast_Y_label_binary() - Label classes: [0, 100]
root - [DEBUG]{MainThread} - scaler_min_max_array() - Scaler will be Saved Path: Models/TF_multi/Scalers/UBER_pos_good9_.scal
root - [INFO]{MainThread} - log_shapes_trains_val_data() - Training features shape SMOTE:(1538, 10, 54)	 Labels shape:(1538, 1)
root - [DEBUG]{MainThread} - log_shapes_trains_val_data() - Validation features shape:(440, 10, 54)	 Labels shape:(440, 1)
root - [DEBUG]{MainThread} - log_shapes_trains_val_data() - Test features shape:(276, 10, 54)		 Labels shape:(276, 1)
root - [DEBUG]{MainThread} - __init__() - [95mCreated object TF_multidimension Path from: d_price/UBER_PLAIN_stock_history_MONTH_3_AD.csv[0m
root - [INFO]{MainThread} - load_and_clean_DF_Train_from_csv() - df loaded from .csv Shape: (1582, 1075) Path: d_price/UBER_PLAIN_stock_history_MONTH_3_AD.csv
root - [DEBUG]{MainThread} - load_and_clean__buy_sell_atack() - columns_selection List HAS vulues, works trains with: Date, buy_sell_point, vola_NATR, ti_force_index_13, sti_VAR, volu_EFI_13, vola_ATR, sti_STDDEV, mtum_PLUS_DM, Volume, vola_THERMOma_20_2_05, volu_PVOL, mtum_DMP_14, mtum_STCmacd_10_12_26_05, vola_TRUERANGE_1, ti_coppock_14_11_10, sti_LINEARREG_SLOPE, mtum_ROCP, mtum_DX, olap_BBAND_dif, ti_chaikin_10_3, tend_renko_TR, mtum_BULLP_13, mtum_ROCR100, sti_LINEARREG_ANGLE, sti_ENTP_10, vola_TRANGE, mtum_ROCR, volu_Chaikin_ADOSC, mtum_MACD_fix_signal, mtum_ROC, mtum_STC_10_12_26_05, mtum_PVO_12_26_9, mtum_BIAS_SMA_26, mtum_MACD_signal, mtum_MINUS_DM, mtum_STCstoch_10_12_26_05, has_preMarket, mtum_DMN_14, mtum_MOM, mtum_CG_10, mtum_PVOs_12_26_9, mtum_AO_5_34, mtum_ADXR, tend_renko_ATR, mtum_MACD_fix, mtum_PPO, vola_THERMO_20_2_05, mtum_MACD, mtum_APO, mtum_BEARP_13, ti_konk_avg, mtum_ADX, NQ_Volume, vola_UI_14, mtum_MACD_ext_signal, tend_VHF_28, ti_choppiness_14, mtum_MACD_ext, mtum_SMI_5_20_5, tend_renko_brick, mtum_RSI, mtum_MINUS_DI, ti_ease_of_movement_14, sti_KURT_30, mtum_SMIs_5_20_5, tend_ll, mtum_RSX_14, olap_VMAP, tend_lh, mtum_QQE_14_5_4236_RSIMA, mtum_PVOh_12_26_9, mtum_PLUS_DI, NQ_per_Volume, cdl_DOJI, volu_PVT, cdl_LONGLEGGEDDOJI, cycl_HT_TRENDMODE, cycl_PHASOR_inph, vola_THERMOl_20_2_05, ti_vortex_neg_14, mtum_BR_26, mtum_CMO, mtum_ER_10, mtum_MACD_ext_list
root - [DEBUG]{MainThread} - cast_Y_label_binary() - Label classes: [0, 100]
root - [DEBUG]{MainThread} - scaler_min_max_array() - Scaler will be Saved Path: Models/TF_multi/Scalers/UBER_pos_reg4_.scal
root - [INFO]{MainThread} - log_shapes_trains_val_data() - Training features shape SMOTE:(1532, 10, 84)	 Labels shape:(1532, 1)
root - [DEBUG]{MainThread} - log_shapes_trains_val_data() - Validation features shape:(440, 10, 84)	 Labels shape:(440, 1)
root - [DEBUG]{MainThread} - log_shapes_trains_val_data() - Test features shape:(276, 10, 84)		 Labels shape:(276, 1)
root - [DEBUG]{MainThread} - __init__() - [95mCreated object TF_multidimension Path from: d_price/UBER_PLAIN_stock_history_MONTH_3_AD.csv[0m
root - [INFO]{MainThread} - load_and_clean_DF_Train_from_csv() - df loaded from .csv Shape: (1582, 1075) Path: d_price/UBER_PLAIN_stock_history_MONTH_3_AD.csv
root - [DEBUG]{MainThread} - load_and_clean__buy_sell_atack() - columns_selection List HAS vulues, works trains with: Date, buy_sell_point, vola_NATR, ti_force_index_13, sti_VAR, volu_EFI_13, vola_ATR, sti_STDDEV, mtum_PLUS_DM, Volume, vola_THERMOma_20_2_05, volu_PVOL, mtum_DMP_14, mtum_STCmacd_10_12_26_05, vola_TRUERANGE_1, ti_coppock_14_11_10, sti_LINEARREG_SLOPE, mtum_ROCP, mtum_DX, olap_BBAND_dif, ti_chaikin_10_3, tend_renko_TR, mtum_BULLP_13, mtum_ROCR100, sti_LINEARREG_ANGLE, sti_ENTP_10, vola_TRANGE, mtum_ROCR, volu_Chaikin_ADOSC, mtum_MACD_fix_signal, mtum_ROC, mtum_STC_10_12_26_05, mtum_PVO_12_26_9, mtum_BIAS_SMA_26, mtum_MACD_signal, mtum_MINUS_DM, mtum_STCstoch_10_12_26_05, has_preMarket, mtum_DMN_14, mtum_MOM, mtum_CG_10, mtum_PVOs_12_26_9, mtum_AO_5_34, mtum_ADXR, tend_renko_ATR, mtum_MACD_fix, mtum_PPO, vola_THERMO_20_2_05, mtum_MACD, mtum_APO, mtum_BEARP_13, ti_konk_avg, mtum_ADX, NQ_Volume, vola_UI_14, mtum_MACD_ext_signal, tend_VHF_28, ti_choppiness_14, mtum_MACD_ext, mtum_SMI_5_20_5, tend_renko_brick, mtum_RSI, mtum_MINUS_DI, ti_ease_of_movement_14, sti_KURT_30, mtum_SMIs_5_20_5, tend_ll, mtum_RSX_14, olap_VMAP, tend_lh, mtum_QQE_14_5_4236_RSIMA, mtum_PVOh_12_26_9, mtum_PLUS_DI, NQ_per_Volume, cdl_DOJI, volu_PVT, cdl_LONGLEGGEDDOJI, cycl_HT_TRENDMODE, cycl_PHASOR_inph, vola_THERMOl_20_2_05, ti_vortex_neg_14, mtum_BR_26, mtum_CMO, mtum_ER_10, mtum_MACD_ext_list, vola_KCLe_20_2, vola_THERMOs_20_2_05, ti_mass_index_9_25, ti_konk_rest, sti_TOS_STDEVALL_U_3, tend_hl_crash, wood_r1, NQ_Close, sti_TOS_STDEVALL_U_2, mcrh_EMA_20_TEMA_50, mcrh_TEMA_20_DEMA_50, mcrh_TEMA_10_DEMA_50, mcrh_T3_50_SMA_100, mcrh_KAMA_5_KAMA_50, mcrh_KAMA_20_TEMA_100, mcrh_KAMA_10_EMA_20, mcrh_EMA_10_TEMA_50, sti_TOS_STDEVALL_U_1, ma_TEMA_10, cdl_TAKURI, cdl_RICKSHAWMAN, cdl_HAMMER, cdl_DRAGONFLYDOJI, NQ_SMA_20, mcrh_TRIMA_10_EMA_50, mtum_AROON_up, mtum_AR_26, mtum_CFO_9, mtum_FISHERTs_9_1, mtum_MACD_fix_list, mtum_MFI, mtum_PGO_14, NQ_SMA_100, mtum_QQEl_14_5_4236, mtum_STOCH_Fa_crash, perf_ha, perf_z_30_1, sti_TOS_STDEVALL_LR, sti_TOS_STDEVALL_L_1, sti_TOS_STDEVALL_L_2, sti_TOS_STDEVALL_L_3, wood_s3
root - [DEBUG]{MainThread} - cast_Y_label_binary() - Label classes: [0, 100]
root - [DEBUG]{MainThread} - scaler_min_max_array() - Scaler will be Saved Path: Models/TF_multi/Scalers/UBER_pos_low1_.scal
root - [INFO]{MainThread} - log_shapes_trains_val_data() - Training features shape SMOTE:(1464, 10, 126)	 Labels shape:(1464, 1)
root - [DEBUG]{MainThread} - log_shapes_trains_val_data() - Validation features shape:(422, 10, 126)	 Labels shape:(422, 1)
root - [DEBUG]{MainThread} - log_shapes_trains_val_data() - Test features shape:(265, 10, 126)		 Labels shape:(265, 1)
root - [DEBUG]{MainThread} - __init__() - [95mCreated object TF_multidimension Path from: d_price/UBER_PLAIN_stock_history_MONTH_3_AD.csv[0m
root - [INFO]{MainThread} - load_and_clean_DF_Train_from_csv() - df loaded from .csv Shape: (1582, 1075) Path: d_price/PYPL_PLAIN_stock_history_MONTH_3_AD.csv
root - [DEBUG]{MainThread} - load_and_clean__buy_sell_atack() - columns_selection List HAS vulues, works trains with: Date, buy_sell_point, tend_renko_ATR, NQ_Close, vola_THERMOma_20_2_05, vola_NATR, mtum_PVOh_12_26_9, NQ_SMA_20, tend_hl, vola_ATR, tend_lh, NQ_per_Volume
root - [DEBUG]{MainThread} - cast_Y_label_binary() - Label classes: [0, 100]
root - [DEBUG]{MainThread} - scaler_min_max_array() - Scaler will be Saved Path: Models/TF_multi/Scalers/PYPL_neg_vgood16_.scal
root - [INFO]{MainThread} - log_shapes_trains_val_data() - Training features shape SMOTE:(1554, 10, 11)	 Labels shape:(1554, 1)
root - [DEBUG]{MainThread} - log_shapes_trains_val_data() - Validation features shape:(442, 10, 11)	 Labels shape:(442, 1)
root - [DEBUG]{MainThread} - log_shapes_trains_val_data() - Test features shape:(278, 10, 11)		 Labels shape:(278, 1)
root - [DEBUG]{MainThread} - __init__() - [95mCreated object TF_multidimension Path from: d_price/PYPL_PLAIN_stock_history_MONTH_3_AD.csv[0m
root - [INFO]{MainThread} - load_and_clean_DF_Train_from_csv() - df loaded from .csv Shape: (1582, 1075) Path: d_price/PYPL_PLAIN_stock_history_MONTH_3_AD.csv
root - [DEBUG]{MainThread} - load_and_clean__buy_sell_atack() - columns_selection List HAS vulues, works trains with: Date, buy_sell_point, tend_renko_ATR, NQ_Close, vola_THERMOma_20_2_05, vola_NATR, mtum_PVOh_12_26_9, NQ_SMA_20, tend_hl, vola_ATR, tend_lh, NQ_per_Volume, tend_hh, vola_TRANGE, vola_TRUERANGE_1, NQ_SMA_100, Volume, has_preMarket, vola_THERMO_20_2_05, volu_PVI_1, vola_HWU, volu_PVOL, volu_Chaikin_ADOSC, tend_renko_TR, ti_chaikin_10_3, mtum_DMN_14, olap_BBAND_dif, tend_PSARr_002_02, olap_VMAP, vola_THERMOl_20_2_05, mtum_APO, tend_renko_brick, mtum_MINUS_DM, ti_ease_of_movement_14, tend_ll, mcrh_SMA_50_KAMA_100, olap_SAREXT, fibo_r3, ti_mass_index_9_25, mtum_PPO, mtum_PVO_12_26_9, ma_TRIMA_50, ti_coppock_14_11_10, mtum_STCmacd_10_12_26_05, ma_SMA_50, olap_BBAND_UPPER, volu_NVI_1, clas_r2, clas_r3
root - [DEBUG]{MainThread} - cast_Y_label_binary() - Label classes: [0, 100]
root - [DEBUG]{MainThread} - scaler_min_max_array() - Scaler will be Saved Path: Models/TF_multi/Scalers/PYPL_neg_good9_.scal
root - [INFO]{MainThread} - log_shapes_trains_val_data() - Training features shape SMOTE:(1528, 10, 48)	 Labels shape:(1528, 1)
root - [DEBUG]{MainThread} - log_shapes_trains_val_data() - Validation features shape:(438, 10, 48)	 Labels shape:(438, 1)
root - [DEBUG]{MainThread} - log_shapes_trains_val_data() - Test features shape:(275, 10, 48)		 Labels shape:(275, 1)
root - [DEBUG]{MainThread} - __init__() - [95mCreated object TF_multidimension Path from: d_price/PYPL_PLAIN_stock_history_MONTH_3_AD.csv[0m
root - [INFO]{MainThread} - load_and_clean_DF_Train_from_csv() - df loaded from .csv Shape: (1582, 1075) Path: d_price/PYPL_PLAIN_stock_history_MONTH_3_AD.csv
root - [DEBUG]{MainThread} - load_and_clean__buy_sell_atack() - columns_selection List HAS vulues, works trains with: Date, buy_sell_point, tend_renko_ATR, NQ_Close, vola_THERMOma_20_2_05, vola_NATR, mtum_PVOh_12_26_9, NQ_SMA_20, tend_hl, vola_ATR, tend_lh, NQ_per_Volume, tend_hh, vola_TRANGE, vola_TRUERANGE_1, NQ_SMA_100, Volume, has_preMarket, vola_THERMO_20_2_05, volu_PVI_1, vola_HWU, volu_PVOL, volu_Chaikin_ADOSC, tend_renko_TR, ti_chaikin_10_3, mtum_DMN_14, olap_BBAND_dif, tend_PSARr_002_02, olap_VMAP, vola_THERMOl_20_2_05, mtum_APO, tend_renko_brick, mtum_MINUS_DM, ti_ease_of_movement_14, tend_ll, mcrh_SMA_50_KAMA_100, olap_SAREXT, fibo_r3, ti_mass_index_9_25, mtum_PPO, mtum_PVO_12_26_9, ma_TRIMA_50, ti_coppock_14_11_10, mtum_STCmacd_10_12_26_05, ma_SMA_50, olap_BBAND_UPPER, volu_NVI_1, clas_r2, clas_r3, olap_HWMA_02_01_01, sti_TOS_STDEVALL_L_2, sti_TOS_STDEVALL_L_1, ti_donchian_upper_20, sti_STDDEV, ti_kelt_20_upper, mcrh_T3_20_KAMA_100, mcrh_EMA_20_TEMA_100, sti_CORREL, cdl_ADVANCEBLOCK, ichi_senkou_a, vola_THERMOs_20_2_05, trad_r2, trad_r3, wood_r3, ma_EMA_50, ichi_senkou_b, vola_HWM, cycl_HT_TRENDMODE, mtum_MACD_ext_signal, mtum_MACD_signal, fibo_r2, vola_UI_14, volu_Chaikin_AD, sti_VAR, olap_SAR, sti_TOS_STDEVALL_L_3, sti_TSF, sti_TOS_STDEVALL_U_3, mtum_td_seq_sig, olap_BBAND_MIDDLE, cdl_MATCHINGLOW, cdl_GRAVESTONEDOJI, sti_TOS_STDEVALL_U_2, mtum_MACD_ext, mtum_MINUS_DI, mtum_DMP_14, sti_TOS_STDEVALL_U_1, mcrh_EMA_50_KAMA_100, sti_BETA, ti_konk_gre_bl_crash, sti_LINEARREG, ma_WMA_10, sti_TOS_STDEVALL_LR, wood_r2, ma_TEMA_5, ti_acc_dist, vola_HWL, vola_KCUe_20_2, mtum_AR_26, mtum_BEARP_13, mtum_BIAS_SMA_26, ma_DEMA_5, ichi_tenkan_sen
root - [DEBUG]{MainThread} - cast_Y_label_binary() - Label classes: [0, 100]
root - [DEBUG]{MainThread} - scaler_min_max_array() - Scaler will be Saved Path: Models/TF_multi/Scalers/PYPL_neg_reg4_.scal
root - [INFO]{MainThread} - log_shapes_trains_val_data() - Training features shape SMOTE:(1522, 10, 102)	 Labels shape:(1522, 1)
root - [DEBUG]{MainThread} - log_shapes_trains_val_data() - Validation features shape:(430, 10, 102)	 Labels shape:(430, 1)
root - [DEBUG]{MainThread} - log_shapes_trains_val_data() - Test features shape:(270, 10, 102)		 Labels shape:(270, 1)
root - [DEBUG]{MainThread} - __init__() - [95mCreated object TF_multidimension Path from: d_price/PYPL_PLAIN_stock_history_MONTH_3_AD.csv[0m
root - [INFO]{MainThread} - load_and_clean_DF_Train_from_csv() - df loaded from .csv Shape: (1582, 1075) Path: d_price/PYPL_PLAIN_stock_history_MONTH_3_AD.csv
root - [DEBUG]{MainThread} - load_and_clean__buy_sell_atack() - columns_selection List HAS vulues, works trains with: Date, buy_sell_point, tend_renko_ATR, NQ_Close, vola_THERMOma_20_2_05, vola_NATR, mtum_PVOh_12_26_9, NQ_SMA_20, tend_hl, vola_ATR, tend_lh, NQ_per_Volume, tend_hh, vola_TRANGE, vola_TRUERANGE_1, NQ_SMA_100, Volume, has_preMarket, vola_THERMO_20_2_05, volu_PVI_1, vola_HWU, volu_PVOL, volu_Chaikin_ADOSC, tend_renko_TR, ti_chaikin_10_3, mtum_DMN_14, olap_BBAND_dif, tend_PSARr_002_02, olap_VMAP, vola_THERMOl_20_2_05, mtum_APO, tend_renko_brick, mtum_MINUS_DM, ti_ease_of_movement_14, tend_ll, mcrh_SMA_50_KAMA_100, olap_SAREXT, fibo_r3, ti_mass_index_9_25, mtum_PPO, mtum_PVO_12_26_9, ma_TRIMA_50, ti_coppock_14_11_10, mtum_STCmacd_10_12_26_05, ma_SMA_50, olap_BBAND_UPPER, volu_NVI_1, clas_r2, clas_r3, olap_HWMA_02_01_01, sti_TOS_STDEVALL_L_2, sti_TOS_STDEVALL_L_1, ti_donchian_upper_20, sti_STDDEV, ti_kelt_20_upper, mcrh_T3_20_KAMA_100, mcrh_EMA_20_TEMA_100, sti_CORREL, cdl_ADVANCEBLOCK, ichi_senkou_a, vola_THERMOs_20_2_05, trad_r2, trad_r3, wood_r3, ma_EMA_50, ichi_senkou_b, vola_HWM, cycl_HT_TRENDMODE, mtum_MACD_ext_signal, mtum_MACD_signal, fibo_r2, vola_UI_14, volu_Chaikin_AD, sti_VAR, olap_SAR, sti_TOS_STDEVALL_L_3, sti_TSF, sti_TOS_STDEVALL_U_3, mtum_td_seq_sig, olap_BBAND_MIDDLE, cdl_MATCHINGLOW, cdl_GRAVESTONEDOJI, sti_TOS_STDEVALL_U_2, mtum_MACD_ext, mtum_MINUS_DI, mtum_DMP_14, sti_TOS_STDEVALL_U_1, mcrh_EMA_50_KAMA_100, sti_BETA, ti_konk_gre_bl_crash, sti_LINEARREG, ma_WMA_10, sti_TOS_STDEVALL_LR, wood_r2, ma_TEMA_5, ti_acc_dist, vola_HWL, vola_KCUe_20_2, mtum_AR_26, mtum_BEARP_13, mtum_BIAS_SMA_26, ma_DEMA_5, ichi_tenkan_sen, wood_r1, sti_LINEARREG_INTERCEPT, volu_PVT, wood_pp, ti_vortex_pos_5, volu_EFI_13, tend_LDECAY_5, NQ_Volume, trad_pp, vola_KCBe_20_2, trad_s2, ti_donchian_center_20, trad_s1, ti_konk_gre, trad_r1, Open, mtum_ROC, sti_KURT_30, perf_z_30_1, ma_WMA_20, ma_TRIMA_5, ma_TRIMA_20, ma_TRIMA_10, ma_SMA_5, ma_SMA_20, ma_SMA_10, ma_KAMA_50, ma_KAMA_20, ma_EMA_20, ichi_kijun_sen, fibo_s3, fibo_s2, fibo_s1, fibo_r1, fibo_pp, demark_s1, demark_r1, demark_pp, clas_s2, clas_s1, clas_r1, clas_pp, cdl_HIGHWAVE, cama_s1, cama_r3, cama_r2, cama_r1, cama_pp, mcrh_DEMA_10_ti_h20, mcrh_DEMA_5_TEMA_10, mcrh_EMA_10_TEMA_50, mtum_INERTIA_20_14, per_Close, olap_VWMA_10, olap_SWMA_10, olap_SSF_10_2, olap_MCGD_10, olap_JMA_7_0, olap_HT_TRENDLINE, mtum_td_seq, mtum_STCstoch_10_12_26_05, mtum_STC_10_12_26_05, mtum_SMIs_5_20_5, mtum_PVOs_12_26_9, mtum_PLUS_DM, mtum_BR_26, mcrh_EMA_50_TEMA_100, mtum_AROON_down, mtum_AROONOSC, mtum_ADXR, mtum_ADX, mcrh_WMA_20_TEMA_50, mcrh_TRIMA_20_TEMA_100, mcrh_TEMA_5_DEMA_10, mcrh_TEMA_10_ti_h20, mcrh_TEMA_10_KAMA_20, mcrh_T3_20_TRIMA_50, mcrh_T3_20_SMA_100, mcrh_SMA_5_KAMA_10, mcrh_KAMA_5_TEMA_10, wood_s2
root - [DEBUG]{MainThread} - cast_Y_label_binary() - Label classes: [0, 100]
root - [DEBUG]{MainThread} - scaler_min_max_array() - Scaler will be Saved Path: Models/TF_multi/Scalers/PYPL_neg_low1_.scal
root - [INFO]{MainThread} - log_shapes_trains_val_data() - Training features shape SMOTE:(1504, 10, 183)	 Labels shape:(1504, 1)
root - [DEBUG]{MainThread} - log_shapes_trains_val_data() - Validation features shape:(422, 10, 183)	 Labels shape:(422, 1)
root - [DEBUG]{MainThread} - log_shapes_trains_val_data() - Test features shape:(265, 10, 183)		 Labels shape:(265, 1)
root - [DEBUG]{MainThread} - __init__() - [95mCreated object TF_multidimension Path from: d_price/PYPL_PLAIN_stock_history_MONTH_3_AD.csv[0m
root - [INFO]{MainThread} - load_and_clean_DF_Train_from_csv() - df loaded from .csv Shape: (1582, 1075) Path: d_price/PYPL_PLAIN_stock_history_MONTH_3_AD.csv
root - [DEBUG]{MainThread} - load_and_clean__buy_sell_atack() - columns_selection List HAS vulues, works trains with: Date, buy_sell_point, NQ_SMA_100, NQ_SMA_20, mcrh_SMA_50_KAMA_100, NQ_Close, ti_ease_of_movement_14, has_preMarket
root - [DEBUG]{MainThread} - cast_Y_label_binary() - Label classes: [0, 100]
root - [DEBUG]{MainThread} - scaler_min_max_array() - Scaler will be Saved Path: Models/TF_multi/Scalers/PYPL_pos_vgood16_.scal
root - [INFO]{MainThread} - log_shapes_trains_val_data() - Training features shape SMOTE:(1570, 10, 7)	 Labels shape:(1570, 1)
root - [DEBUG]{MainThread} - log_shapes_trains_val_data() - Validation features shape:(452, 10, 7)	 Labels shape:(452, 1)
root - [DEBUG]{MainThread} - log_shapes_trains_val_data() - Test features shape:(284, 10, 7)		 Labels shape:(284, 1)
root - [DEBUG]{MainThread} - __init__() - [95mCreated object TF_multidimension Path from: d_price/PYPL_PLAIN_stock_history_MONTH_3_AD.csv[0m
root - [INFO]{MainThread} - load_and_clean_DF_Train_from_csv() - df loaded from .csv Shape: (1582, 1075) Path: d_price/PYPL_PLAIN_stock_history_MONTH_3_AD.csv
root - [DEBUG]{MainThread} - load_and_clean__buy_sell_atack() - columns_selection List HAS vulues, works trains with: Date, buy_sell_point, NQ_SMA_100, NQ_SMA_20, mcrh_SMA_50_KAMA_100, NQ_Close, ti_ease_of_movement_14, has_preMarket, tend_renko_TR, ti_konk_bl_avg_crash, olap_BBAND_dif, tend_PSARr_002_02, mtum_AROON_down, vola_TRUERANGE_1, tend_renko_ATR, NQ_per_Volume, vola_NATR, tend_hl, mtum_APO, vola_ATR, sti_TOS_STDEVALL_U_2, mcrh_TEMA_5_ti_h20, vola_TRANGE, ti_acc_dist, tend_renko_brick, vola_HWU, ti_vortex_pos_14, mtum_PPO, cdl_DRAGONFLYDOJI, cdl_TAKURI, tend_lh, cdl_MATCHINGLOW, mcrh_SMA_50_SMA_100, mcrh_EMA_10_SMA_100, NQ_Volume, sti_TOS_STDEVALL_LR, olap_VMAP, ti_coppock_14_11_10, vola_HWM, sti_TOS_STDEVALL_U_1, cdl_GRAVESTONEDOJI, vola_THERMOs_20_2_05, mcrh_KAMA_10_DEMA_50, mtum_STC_10_12_26_05, vola_THERMOl_20_2_05, volu_Chaikin_AD, mtum_STCmacd_10_12_26_05, mtum_PVOh_12_26_9
root - [DEBUG]{MainThread} - cast_Y_label_binary() - Label classes: [0, 100]
root - [DEBUG]{MainThread} - scaler_min_max_array() - Scaler will be Saved Path: Models/TF_multi/Scalers/PYPL_pos_good9_.scal
root - [INFO]{MainThread} - log_shapes_trains_val_data() - Training features shape SMOTE:(1546, 10, 47)	 Labels shape:(1546, 1)
root - [DEBUG]{MainThread} - log_shapes_trains_val_data() - Validation features shape:(442, 10, 47)	 Labels shape:(442, 1)
root - [DEBUG]{MainThread} - log_shapes_trains_val_data() - Test features shape:(278, 10, 47)		 Labels shape:(278, 1)
root - [DEBUG]{MainThread} - __init__() - [95mCreated object TF_multidimension Path from: d_price/PYPL_PLAIN_stock_history_MONTH_3_AD.csv[0m
root - [INFO]{MainThread} - load_and_clean_DF_Train_from_csv() - df loaded from .csv Shape: (1582, 1075) Path: d_price/PYPL_PLAIN_stock_history_MONTH_3_AD.csv
root - [DEBUG]{MainThread} - load_and_clean__buy_sell_atack() - columns_selection List HAS vulues, works trains with: Date, buy_sell_point, NQ_SMA_100, NQ_SMA_20, mcrh_SMA_50_KAMA_100, NQ_Close, ti_ease_of_movement_14, has_preMarket, tend_renko_TR, ti_konk_bl_avg_crash, olap_BBAND_dif, tend_PSARr_002_02, mtum_AROON_down, vola_TRUERANGE_1, tend_renko_ATR, NQ_per_Volume, vola_NATR, tend_hl, mtum_APO, vola_ATR, sti_TOS_STDEVALL_U_2, mcrh_TEMA_5_ti_h20, vola_TRANGE, ti_acc_dist, tend_renko_brick, vola_HWU, ti_vortex_pos_14, mtum_PPO, cdl_DRAGONFLYDOJI, cdl_TAKURI, tend_lh, cdl_MATCHINGLOW, mcrh_SMA_50_SMA_100, mcrh_EMA_10_SMA_100, NQ_Volume, sti_TOS_STDEVALL_LR, olap_VMAP, ti_coppock_14_11_10, vola_HWM, sti_TOS_STDEVALL_U_1, cdl_GRAVESTONEDOJI, vola_THERMOs_20_2_05, mcrh_KAMA_10_DEMA_50, mtum_STC_10_12_26_05, vola_THERMOl_20_2_05, volu_Chaikin_AD, mtum_STCmacd_10_12_26_05, mtum_PVOh_12_26_9, mcrh_WMA_5_TEMA_50, mcrh_TEMA_5_DEMA_10, tend_PSARl_002_02, mtum_MACD_fix, mtum_PVO_12_26_9, mtum_MACD_ext, sti_TOS_STDEVALL_L_2, sti_TOS_STDEVALL_L_3, mcrh_TEMA_5_TEMA_10, olap_HWMA_02_01_01, mcrh_TRIMA_10_SMA_100, tend_hh, tend_ll, mtum_MACD_signal, mtum_STCstoch_10_12_26_05, mtum_MINUS_DM, sti_BETA, ichi_senkou_a, ichi_tenkan_sen, ma_WMA_10, mcrh_DEMA_20_SMA_100, vola_UI_14, fibo_s3, fibo_s2, tend_PSARs_002_02, mtum_AR_26, fibo_r3, mtum_BIAS_SMA_26, mtum_DMN_14, fibo_r2, mtum_MACD, mtum_MACD_ext_signal, cycl_SINE_lead, trad_r2, ichi_isin_cloud, clas_s2, clas_s1, clas_r3, clas_r2, tend_LDECAY_5, cdl_INVERTEDHAMMER, sti_TSF, mtum_td_seq, olap_BBAND_UPPER, cdl_HAMMER, olap_SAREXT, sti_TOS_STDEVALL_L_1, sti_LINEARREG, per_Volume, clas_s3, vola_THERMO_20_2_05, mcrh_WMA_10_T3_100, ma_TEMA_5, mcrh_KAMA_5_EMA_10, ti_mass_index_9_25, mcrh_SMA_50_WMA_100, ti_konk_rest, mcrh_EMA_10_KAMA_20, mcrh_T3_5_T3_100, ti_konk_avg, vola_HWL, mcrh_TEMA_20_T3_100, ma_TRIMA_10, ti_konk_bro, mcrh_WMA_10_SMA_100, ma_DEMA_5, ma_SMA_50, vola_KCLe_20_2, ma_SMA_10, mcrh_TRIMA_50_SMA_100
root - [DEBUG]{MainThread} - cast_Y_label_binary() - Label classes: [0, 100]
root - [DEBUG]{MainThread} - scaler_min_max_array() - Scaler will be Saved Path: Models/TF_multi/Scalers/PYPL_pos_reg4_.scal
root - [INFO]{MainThread} - log_shapes_trains_val_data() - Training features shape SMOTE:(1474, 10, 117)	 Labels shape:(1474, 1)
root - [DEBUG]{MainThread} - log_shapes_trains_val_data() - Validation features shape:(422, 10, 117)	 Labels shape:(422, 1)
root - [DEBUG]{MainThread} - log_shapes_trains_val_data() - Test features shape:(265, 10, 117)		 Labels shape:(265, 1)
root - [DEBUG]{MainThread} - __init__() - [95mCreated object TF_multidimension Path from: d_price/PYPL_PLAIN_stock_history_MONTH_3_AD.csv[0m
root - [INFO]{MainThread} - load_and_clean_DF_Train_from_csv() - df loaded from .csv Shape: (1582, 1075) Path: d_price/PYPL_PLAIN_stock_history_MONTH_3_AD.csv
root - [DEBUG]{MainThread} - load_and_clean__buy_sell_atack() - columns_selection List HAS vulues, works trains with: Date, buy_sell_point, NQ_SMA_100, NQ_SMA_20, mcrh_SMA_50_KAMA_100, NQ_Close, ti_ease_of_movement_14, has_preMarket, tend_renko_TR, ti_konk_bl_avg_crash, olap_BBAND_dif, tend_PSARr_002_02, mtum_AROON_down, vola_TRUERANGE_1, tend_renko_ATR, NQ_per_Volume, vola_NATR, tend_hl, mtum_APO, vola_ATR, sti_TOS_STDEVALL_U_2, mcrh_TEMA_5_ti_h20, vola_TRANGE, ti_acc_dist, tend_renko_brick, vola_HWU, ti_vortex_pos_14, mtum_PPO, cdl_DRAGONFLYDOJI, cdl_TAKURI, tend_lh, cdl_MATCHINGLOW, mcrh_SMA_50_SMA_100, mcrh_EMA_10_SMA_100, NQ_Volume, sti_TOS_STDEVALL_LR, olap_VMAP, ti_coppock_14_11_10, vola_HWM, sti_TOS_STDEVALL_U_1, cdl_GRAVESTONEDOJI, vola_THERMOs_20_2_05, mcrh_KAMA_10_DEMA_50, mtum_STC_10_12_26_05, vola_THERMOl_20_2_05, volu_Chaikin_AD, mtum_STCmacd_10_12_26_05, mtum_PVOh_12_26_9, mcrh_WMA_5_TEMA_50, mcrh_TEMA_5_DEMA_10, tend_PSARl_002_02, mtum_MACD_fix, mtum_PVO_12_26_9, mtum_MACD_ext, sti_TOS_STDEVALL_L_2, sti_TOS_STDEVALL_L_3, mcrh_TEMA_5_TEMA_10, olap_HWMA_02_01_01, mcrh_TRIMA_10_SMA_100, tend_hh, tend_ll, mtum_MACD_signal, mtum_STCstoch_10_12_26_05, mtum_MINUS_DM, sti_BETA, ichi_senkou_a, ichi_tenkan_sen, ma_WMA_10, mcrh_DEMA_20_SMA_100, vola_UI_14, fibo_s3, fibo_s2, tend_PSARs_002_02, mtum_AR_26, fibo_r3, mtum_BIAS_SMA_26, mtum_DMN_14, fibo_r2, mtum_MACD, mtum_MACD_ext_signal, cycl_SINE_lead, trad_r2, ichi_isin_cloud, clas_s2, clas_s1, clas_r3, clas_r2, tend_LDECAY_5, cdl_INVERTEDHAMMER, sti_TSF, mtum_td_seq, olap_BBAND_UPPER, cdl_HAMMER, olap_SAREXT, sti_TOS_STDEVALL_L_1, sti_LINEARREG, per_Volume, clas_s3, vola_THERMO_20_2_05, mcrh_WMA_10_T3_100, ma_TEMA_5, mcrh_KAMA_5_EMA_10, ti_mass_index_9_25, mcrh_SMA_50_WMA_100, ti_konk_rest, mcrh_EMA_10_KAMA_20, mcrh_T3_5_T3_100, ti_konk_avg, vola_HWL, mcrh_TEMA_20_T3_100, ma_TRIMA_10, ti_konk_bro, mcrh_WMA_10_SMA_100, ma_DEMA_5, ma_SMA_50, vola_KCLe_20_2, ma_SMA_10, mcrh_TRIMA_50_SMA_100, trad_s1, wood_r1, wood_r2, wood_r3, vola_THERMOma_20_2_05, trad_pp, wood_s2, volu_PVOL, trad_r1, sti_KURT_30, wood_pp, sti_CORREL, tend_hl_crash, volu_PVI_1, vola_KCBe_20_2, trad_s2, sti_TOS_STDEVALL_U_3, trad_r3, volu_NVI_1, volu_Chaikin_ADOSC, tend_VHF_28, tend_PSARaf_002_02, trad_s3, Close, mtum_BEARP_13, perf_CUMPCTRET_1, mcrh_KAMA_5_TEMA_10, mcrh_KAMA_10_DEMA_100, mcrh_EMA_50_EMA_100, mcrh_EMA_20_WMA_100, mcrh_EMA_20_DEMA_100, mcrh_DEMA_5_TEMA_50, mcrh_DEMA_5_EMA_100, mcrh_DEMA_5_DEMA_10, ma_TRIMA_50, ma_TRIMA_5, ma_T3_10, ma_SMA_5, ichi_senkou_b, fibo_s1, fibo_r1, fibo_pp, demark_s1, demark_r1, demark_pp, cycl_DCPHASE, clas_r1, clas_pp, cdl_MORNINGSTAR, cdl_IDENTICAL3CROWS, cama_s1, cama_r3, cama_r2, cama_r1, cama_pp, Open, mcrh_KAMA_20_DEMA_50, mcrh_SMA_10_SMA_100, pcrh_cama_s2, mcrh_SMA_20_KAMA_50, pcrh_cama_s1, olap_VWMA_10, olap_SWMA_10, olap_SINWMA_14, olap_MIDPOINT, olap_HT_TRENDLINE, mtum_STOCH_crash, mtum_STOCH_RSI_crash, mtum_RSX_14, mtum_PLUS_DI, mtum_MACD_fix_signal, mtum_FISHERT_9_1, mtum_AROONOSC, mtum_AO_5_34, mtum_ADXR, mcrh_WMA_20_DEMA_100, mcrh_WMA_10_DEMA_20, mcrh_TRIMA_5_SMA_10, mcrh_TRIMA_50_T3_100, mcrh_TRIMA_10_TRIMA_50, mcrh_TRIMA_10_TRIMA_100, mcrh_TEMA_5_KAMA_50, mcrh_TEMA_50_WMA_100, mcrh_TEMA_10_ti_h20, mcrh_TEMA_10_TEMA_50, mcrh_TEMA_10_KAMA_50, mcrh_T3_50_T3_100, mcrh_T3_20_T3_100, mcrh_SMA_5_KAMA_20, wood_s3
root - [DEBUG]{MainThread} - cast_Y_label_binary() - Label classes: [0, 100]
root - [DEBUG]{MainThread} - scaler_min_max_array() - Scaler will be Saved Path: Models/TF_multi/Scalers/PYPL_pos_low1_.scal
root - [INFO]{MainThread} - log_shapes_trains_val_data() - Training features shape SMOTE:(1486, 10, 207)	 Labels shape:(1486, 1)
root - [DEBUG]{MainThread} - log_shapes_trains_val_data() - Validation features shape:(422, 10, 207)	 Labels shape:(422, 1)
root - [DEBUG]{MainThread} - log_shapes_trains_val_data() - Test features shape:(265, 10, 207)		 Labels shape:(265, 1)
root - [DEBUG]{MainThread} - __init__() - [95mCreated object TF_multidimension Path from: d_price/PYPL_PLAIN_stock_history_MONTH_3_AD.csv[0m
matplotlib - [DEBUG]{MainThread} - wrapper() - matplotlib data path: C:\Users\PC\AppData\Local\Programs\Python\Python310\lib\site-packages\matplotlib\mpl-data
matplotlib - [DEBUG]{MainThread} - wrapper() - CONFIGDIR=C:\Users\PC\.matplotlib
matplotlib - [DEBUG]{MainThread} - <module>() - interactive is False
matplotlib - [DEBUG]{MainThread} - <module>() - platform is win32
matplotlib - [DEBUG]{MainThread} - wrapper() - CACHEDIR=C:\Users\PC\.matplotlib
matplotlib.font_manager - [DEBUG]{MainThread} - _load_fontmanager() - Using fontManager instance from C:\Users\PC\.matplotlib\fontlist-v330.json
tensorflow - [DEBUG]{MainThread} - <module>() - Falling back to TensorFlow client; we recommended you install the Cloud TPU client directly with pip install cloud-tpu-client.
root - [ERROR]{MainThread} - get_dict_scoring_evaluation() - Not found ONE (0 or more than 2) file with the following settings 
tensorflow - [DEBUG]{MainThread} - <module>() - Falling back to TensorFlow client; we recommended you install the Cloud TPU client directly with pip install cloud-tpu-client.
root - [ERROR]{MainThread} - get_dict_scoring_evaluation() - Not found ONE (0 or more than 2) file with the following settings 
tensorflow - [DEBUG]{MainThread} - <module>() - Falling back to TensorFlow client; we recommended you install the Cloud TPU client directly with pip install cloud-tpu-client.
